<?xml version="1.0" encoding="UTF-8"?>
<!-- Generated by org.testng.reporters.JUnitXMLReporter -->
<testsuite ignored="1" hostname="DESKTOP-DLHG0KF" failures="0" tests="1" name="Test" time="1.759" errors="0" timestamp="2022-09-13T16:11:48 IST">
  <testcase classname="org.sdet40.generirutility.FetchDataBasedOnKey" name="annotation1" time="1.677"/>
  <testcase classname="org.sdet40.generirutility.FetchDataBasedOnKey" name="anno" time="0.0">
    <ignored/>
  </testcase> <!-- anno -->
</testsuite> <!-- Test -->
